<?xml version="1.0" encoding="UTF-8"?>
<testsuite xmlns:xsi="http://www.w3.org/2001/XMLSchema-instance" xsi:noNamespaceSchemaLocation="https://maven.apache.org/surefire/maven-surefire-plugin/xsd/surefire-test-report.xsd" name="com.wmock.demo.WiremockApiTests" time="1.289" tests="1" errors="0" skipped="0" failures="0">
  <properties>
    <property name="java.specification.version" value="16"/>
    <property name="sun.jnu.encoding" value="UTF-8"/>
    <property name="java.class.path" value="/Users/prashanthsams/Documents/wiremock-springboot-boilerplate/target/test-classes:/Users/prashanthsams/Documents/wiremock-springboot-boilerplate/target/classes:/Users/prashanthsams/.m2/repository/org/springframework/boot/spring-boot-starter/2.6.0-SNAPSHOT/spring-boot-starter-2.6.0-SNAPSHOT.jar:/Users/prashanthsams/.m2/repository/org/springframework/boot/spring-boot/2.6.0-SNAPSHOT/spring-boot-2.6.0-SNAPSHOT.jar:/Users/prashanthsams/.m2/repository/org/springframework/spring-context/5.3.8/spring-context-5.3.8.jar:/Users/prashanthsams/.m2/repository/org/springframework/spring-aop/5.3.8/spring-aop-5.3.8.jar:/Users/prashanthsams/.m2/repository/org/springframework/spring-beans/5.3.8/spring-beans-5.3.8.jar:/Users/prashanthsams/.m2/repository/org/springframework/spring-expression/5.3.8/spring-expression-5.3.8.jar:/Users/prashanthsams/.m2/repository/org/springframework/boot/spring-boot-autoconfigure/2.6.0-SNAPSHOT/spring-boot-autoconfigure-2.6.0-SNAPSHOT.jar:/Users/prashanthsams/.m2/repository/org/springframework/boot/spring-boot-starter-logging/2.6.0-SNAPSHOT/spring-boot-starter-logging-2.6.0-SNAPSHOT.jar:/Users/prashanthsams/.m2/repository/ch/qos/logback/logback-classic/1.2.3/logback-classic-1.2.3.jar:/Users/prashanthsams/.m2/repository/ch/qos/logback/logback-core/1.2.3/logback-core-1.2.3.jar:/Users/prashanthsams/.m2/repository/org/apache/logging/log4j/log4j-to-slf4j/2.14.1/log4j-to-slf4j-2.14.1.jar:/Users/prashanthsams/.m2/repository/org/apache/logging/log4j/log4j-api/2.14.1/log4j-api-2.14.1.jar:/Users/prashanthsams/.m2/repository/org/slf4j/jul-to-slf4j/1.7.30/jul-to-slf4j-1.7.30.jar:/Users/prashanthsams/.m2/repository/jakarta/annotation/jakarta.annotation-api/1.3.5/jakarta.annotation-api-1.3.5.jar:/Users/prashanthsams/.m2/repository/org/springframework/spring-core/5.3.8/spring-core-5.3.8.jar:/Users/prashanthsams/.m2/repository/org/springframework/spring-jcl/5.3.8/spring-jcl-5.3.8.jar:/Users/prashanthsams/.m2/repository/org/yaml/snakeyaml/1.28/snakeyaml-1.28.jar:/Users/prashanthsams/.m2/repository/org/springframework/boot/spring-boot-starter-test/2.6.0-SNAPSHOT/spring-boot-starter-test-2.6.0-SNAPSHOT.jar:/Users/prashanthsams/.m2/repository/org/springframework/boot/spring-boot-test/2.6.0-SNAPSHOT/spring-boot-test-2.6.0-SNAPSHOT.jar:/Users/prashanthsams/.m2/repository/org/springframework/boot/spring-boot-test-autoconfigure/2.6.0-SNAPSHOT/spring-boot-test-autoconfigure-2.6.0-SNAPSHOT.jar:/Users/prashanthsams/.m2/repository/com/jayway/jsonpath/json-path/2.5.0/json-path-2.5.0.jar:/Users/prashanthsams/.m2/repository/net/minidev/json-smart/2.4.7/json-smart-2.4.7.jar:/Users/prashanthsams/.m2/repository/net/minidev/accessors-smart/2.4.7/accessors-smart-2.4.7.jar:/Users/prashanthsams/.m2/repository/org/ow2/asm/asm/9.1/asm-9.1.jar:/Users/prashanthsams/.m2/repository/org/slf4j/slf4j-api/1.7.30/slf4j-api-1.7.30.jar:/Users/prashanthsams/.m2/repository/jakarta/xml/bind/jakarta.xml.bind-api/2.3.3/jakarta.xml.bind-api-2.3.3.jar:/Users/prashanthsams/.m2/repository/jakarta/activation/jakarta.activation-api/1.2.2/jakarta.activation-api-1.2.2.jar:/Users/prashanthsams/.m2/repository/org/assertj/assertj-core/3.19.0/assertj-core-3.19.0.jar:/Users/prashanthsams/.m2/repository/org/hamcrest/hamcrest/2.2/hamcrest-2.2.jar:/Users/prashanthsams/.m2/repository/org/junit/jupiter/junit-jupiter/5.7.2/junit-jupiter-5.7.2.jar:/Users/prashanthsams/.m2/repository/org/junit/jupiter/junit-jupiter-api/5.7.2/junit-jupiter-api-5.7.2.jar:/Users/prashanthsams/.m2/repository/org/apiguardian/apiguardian-api/1.1.0/apiguardian-api-1.1.0.jar:/Users/prashanthsams/.m2/repository/org/opentest4j/opentest4j/1.2.0/opentest4j-1.2.0.jar:/Users/prashanthsams/.m2/repository/org/junit/platform/junit-platform-commons/1.7.2/junit-platform-commons-1.7.2.jar:/Users/prashanthsams/.m2/repository/org/junit/jupiter/junit-jupiter-params/5.7.2/junit-jupiter-params-5.7.2.jar:/Users/prashanthsams/.m2/repository/org/junit/jupiter/junit-jupiter-engine/5.7.2/junit-jupiter-engine-5.7.2.jar:/Users/prashanthsams/.m2/repository/org/junit/platform/junit-platform-engine/1.7.2/junit-platform-engine-1.7.2.jar:/Users/prashanthsams/.m2/repository/org/mockito/mockito-core/3.9.0/mockito-core-3.9.0.jar:/Users/prashanthsams/.m2/repository/net/bytebuddy/byte-buddy/1.10.22/byte-buddy-1.10.22.jar:/Users/prashanthsams/.m2/repository/net/bytebuddy/byte-buddy-agent/1.10.22/byte-buddy-agent-1.10.22.jar:/Users/prashanthsams/.m2/repository/org/objenesis/objenesis/3.2/objenesis-3.2.jar:/Users/prashanthsams/.m2/repository/org/mockito/mockito-junit-jupiter/3.9.0/mockito-junit-jupiter-3.9.0.jar:/Users/prashanthsams/.m2/repository/org/skyscreamer/jsonassert/1.5.0/jsonassert-1.5.0.jar:/Users/prashanthsams/.m2/repository/com/vaadin/external/google/android-json/0.0.20131108.vaadin1/android-json-0.0.20131108.vaadin1.jar:/Users/prashanthsams/.m2/repository/org/springframework/spring-test/5.3.8/spring-test-5.3.8.jar:/Users/prashanthsams/.m2/repository/org/xmlunit/xmlunit-core/2.8.2/xmlunit-core-2.8.2.jar:/Users/prashanthsams/.m2/repository/org/springframework/cloud/spring-cloud-starter-contract-stub-runner/3.0.4-SNAPSHOT/spring-cloud-starter-contract-stub-runner-3.0.4-SNAPSHOT.jar:/Users/prashanthsams/.m2/repository/org/springframework/cloud/spring-cloud-contract-stub-runner/3.0.4-SNAPSHOT/spring-cloud-contract-stub-runner-3.0.4-SNAPSHOT.jar:/Users/prashanthsams/.m2/repository/org/springframework/cloud/spring-cloud-contract-verifier/3.0.4-SNAPSHOT/spring-cloud-contract-verifier-3.0.4-SNAPSHOT.jar:/Users/prashanthsams/.m2/repository/com/fasterxml/jackson/core/jackson-databind/2.12.3/jackson-databind-2.12.3.jar:/Users/prashanthsams/.m2/repository/com/fasterxml/jackson/core/jackson-annotations/2.12.3/jackson-annotations-2.12.3.jar:/Users/prashanthsams/.m2/repository/com/fasterxml/jackson/core/jackson-core/2.12.3/jackson-core-2.12.3.jar:/Users/prashanthsams/.m2/repository/org/apache/commons/commons-text/1.9/commons-text-1.9.jar:/Users/prashanthsams/.m2/repository/org/apache/commons/commons-lang3/3.12.0/commons-lang3-3.12.0.jar:/Users/prashanthsams/.m2/repository/javax/inject/javax.inject/1/javax.inject-1.jar:/Users/prashanthsams/.m2/repository/com/toomuchcoding/jsonassert/jsonassert/0.6.1/jsonassert-0.6.1.jar:/Users/prashanthsams/.m2/repository/com/rackspace/eclipse/webtools/sourceediting/org.eclipse.wst.xml.xpath2.processor/2.1.100/org.eclipse.wst.xml.xpath2.processor-2.1.100.jar:/Users/prashanthsams/.m2/repository/edu/princeton/cup/java-cup/10k/java-cup-10k.jar:/Users/prashanthsams/.m2/repository/com/ibm/icu/icu4j/4.6/icu4j-4.6.jar:/Users/prashanthsams/.m2/repository/org/codehaus/groovy/groovy/3.0.8/groovy-3.0.8.jar:/Users/prashanthsams/.m2/repository/org/codehaus/groovy/groovy-nio/3.0.8/groovy-nio-3.0.8.jar:/Users/prashanthsams/.m2/repository/org/codehaus/groovy/groovy-json/3.0.8/groovy-json-3.0.8.jar:/Users/prashanthsams/.m2/repository/org/codehaus/groovy/groovy-xml/3.0.8/groovy-xml-3.0.8.jar:/Users/prashanthsams/.m2/repository/com/github/jknack/handlebars/4.2.0/handlebars-4.2.0.jar:/Users/prashanthsams/.m2/repository/commons-beanutils/commons-beanutils/1.9.4/commons-beanutils-1.9.4.jar:/Users/prashanthsams/.m2/repository/commons-logging/commons-logging/1.2/commons-logging-1.2.jar:/Users/prashanthsams/.m2/repository/commons-collections/commons-collections/3.2.2/commons-collections-3.2.2.jar:/Users/prashanthsams/.m2/repository/com/fasterxml/jackson/dataformat/jackson-dataformat-yaml/2.12.3/jackson-dataformat-yaml-2.12.3.jar:/Users/prashanthsams/.m2/repository/net/javacrumbs/json-unit/json-unit-assertj/2.19.0/json-unit-assertj-2.19.0.jar:/Users/prashanthsams/.m2/repository/net/javacrumbs/json-unit/json-unit-core/2.19.0/json-unit-core-2.19.0.jar:/Users/prashanthsams/.m2/repository/org/hamcrest/hamcrest-core/2.2/hamcrest-core-2.2.jar:/Users/prashanthsams/.m2/repository/net/javacrumbs/json-unit/json-unit-json-path/2.19.0/json-unit-json-path-2.19.0.jar:/Users/prashanthsams/.m2/repository/org/springframework/cloud/spring-cloud-function-compiler/3.0.6.RELEASE/spring-cloud-function-compiler-3.0.6.RELEASE.jar:/Users/prashanthsams/.m2/repository/io/projectreactor/reactor-core/3.4.7/reactor-core-3.4.7.jar:/Users/prashanthsams/.m2/repository/org/reactivestreams/reactive-streams/1.0.3/reactive-streams-1.0.3.jar:/Users/prashanthsams/.m2/repository/org/eclipse/jdt/core/compiler/ecj/4.4.2/ecj-4.4.2.jar:/Users/prashanthsams/.m2/repository/javax/annotation/javax.annotation-api/1.3.2/javax.annotation-api-1.3.2.jar:/Users/prashanthsams/.m2/repository/org/springframework/cloud/spring-cloud-contract-shade/3.0.4-SNAPSHOT/spring-cloud-contract-shade-3.0.4-SNAPSHOT.jar:/Users/prashanthsams/.m2/repository/org/springframework/cloud/spring-cloud-contract-converters/3.0.4-SNAPSHOT/spring-cloud-contract-converters-3.0.4-SNAPSHOT.jar:/Users/prashanthsams/.m2/repository/org/springframework/cloud/spring-cloud-contract-spec/3.0.4-SNAPSHOT/spring-cloud-contract-spec-3.0.4-SNAPSHOT.jar:/Users/prashanthsams/.m2/repository/org/springframework/cloud/spring-cloud-contract-spec-java/3.0.4-SNAPSHOT/spring-cloud-contract-spec-java-3.0.4-SNAPSHOT.jar:/Users/prashanthsams/.m2/repository/dk/brics/automaton/automaton/1.11-8/automaton-1.11-8.jar:/Users/prashanthsams/.m2/repository/org/springframework/cloud/spring-cloud-contract-spec-groovy/3.0.4-SNAPSHOT/spring-cloud-contract-spec-groovy-3.0.4-SNAPSHOT.jar:/Users/prashanthsams/.m2/repository/org/eclipse/jgit/org.eclipse.jgit/5.1.3.201810200350-r/org.eclipse.jgit-5.1.3.201810200350-r.jar:/Users/prashanthsams/.m2/repository/com/jcraft/jsch/0.1.55/jsch-0.1.55.jar:/Users/prashanthsams/.m2/repository/com/jcraft/jzlib/1.1.1/jzlib-1.1.1.jar:/Users/prashanthsams/.m2/repository/com/googlecode/javaewah/JavaEWAH/1.1.6/JavaEWAH-1.1.6.jar:/Users/prashanthsams/.m2/repository/com/jcraft/jsch.agentproxy.sshagent/0.0.9/jsch.agentproxy.sshagent-0.0.9.jar:/Users/prashanthsams/.m2/repository/com/jcraft/jsch.agentproxy.core/0.0.9/jsch.agentproxy.core-0.0.9.jar:/Users/prashanthsams/.m2/repository/com/jcraft/jsch.agentproxy.jsch/0.0.9/jsch.agentproxy.jsch-0.0.9.jar:/Users/prashanthsams/.m2/repository/com/jcraft/jsch.agentproxy.usocket-jna/0.0.9/jsch.agentproxy.usocket-jna-0.0.9.jar:/Users/prashanthsams/.m2/repository/net/java/dev/jna/jna/4.1.0/jna-4.1.0.jar:/Users/prashanthsams/.m2/repository/net/java/dev/jna/jna-platform/4.1.0/jna-platform-4.1.0.jar:/Users/prashanthsams/.m2/repository/org/springframework/cloud/spring-cloud-contract-wiremock/3.0.4-SNAPSHOT/spring-cloud-contract-wiremock-3.0.4-SNAPSHOT.jar:/Users/prashanthsams/.m2/repository/org/springframework/spring-web/5.3.8/spring-web-5.3.8.jar:/Users/prashanthsams/.m2/repository/com/github/tomakehurst/wiremock-jre8-standalone/2.28.1/wiremock-jre8-standalone-2.28.1.jar:/Users/prashanthsams/.m2/repository/org/apache/httpcomponents/httpclient/4.5.13/httpclient-4.5.13.jar:/Users/prashanthsams/.m2/repository/org/apache/httpcomponents/httpcore/4.4.14/httpcore-4.4.14.jar:/Users/prashanthsams/.m2/repository/commons-codec/commons-codec/1.15/commons-codec-1.15.jar:/Users/prashanthsams/.m2/repository/org/apache/maven/resolver/maven-resolver-api/1.4.1/maven-resolver-api-1.4.1.jar:"/>
    <property name="java.vm.vendor" value="Oracle Corporation"/>
    <property name="sun.arch.data.model" value="64"/>
    <property name="java.vendor.url" value="https://java.oracle.com/"/>
    <property name="os.name" value="Mac OS X"/>
    <property name="java.vm.specification.version" value="16"/>
    <property name="sun.java.launcher" value="SUN_STANDARD"/>
    <property name="user.country" value="US"/>
    <property name="sun.boot.library.path" value="/Library/Java/JavaVirtualMachines/jdk-16.0.1.jdk/Contents/Home/lib"/>
    <property name="sun.java.command" value="/Users/prashanthsams/Documents/wiremock-springboot-boilerplate/target/surefire/surefirebooter13632933155343987950.jar /Users/prashanthsams/Documents/wiremock-springboot-boilerplate/target/surefire 2021-07-01T14-07-14_348-jvmRun1 surefire14283646117463441887tmp surefire_08917357755087754835tmp"/>
    <property name="http.nonProxyHosts" value="local|*.local|169.254/16|*.169.254/16"/>
    <property name="jdk.debug" value="release"/>
    <property name="surefire.test.class.path" value="/Users/prashanthsams/Documents/wiremock-springboot-boilerplate/target/test-classes:/Users/prashanthsams/Documents/wiremock-springboot-boilerplate/target/classes:/Users/prashanthsams/.m2/repository/org/springframework/boot/spring-boot-starter/2.6.0-SNAPSHOT/spring-boot-starter-2.6.0-SNAPSHOT.jar:/Users/prashanthsams/.m2/repository/org/springframework/boot/spring-boot/2.6.0-SNAPSHOT/spring-boot-2.6.0-SNAPSHOT.jar:/Users/prashanthsams/.m2/repository/org/springframework/spring-context/5.3.8/spring-context-5.3.8.jar:/Users/prashanthsams/.m2/repository/org/springframework/spring-aop/5.3.8/spring-aop-5.3.8.jar:/Users/prashanthsams/.m2/repository/org/springframework/spring-beans/5.3.8/spring-beans-5.3.8.jar:/Users/prashanthsams/.m2/repository/org/springframework/spring-expression/5.3.8/spring-expression-5.3.8.jar:/Users/prashanthsams/.m2/repository/org/springframework/boot/spring-boot-autoconfigure/2.6.0-SNAPSHOT/spring-boot-autoconfigure-2.6.0-SNAPSHOT.jar:/Users/prashanthsams/.m2/repository/org/springframework/boot/spring-boot-starter-logging/2.6.0-SNAPSHOT/spring-boot-starter-logging-2.6.0-SNAPSHOT.jar:/Users/prashanthsams/.m2/repository/ch/qos/logback/logback-classic/1.2.3/logback-classic-1.2.3.jar:/Users/prashanthsams/.m2/repository/ch/qos/logback/logback-core/1.2.3/logback-core-1.2.3.jar:/Users/prashanthsams/.m2/repository/org/apache/logging/log4j/log4j-to-slf4j/2.14.1/log4j-to-slf4j-2.14.1.jar:/Users/prashanthsams/.m2/repository/org/apache/logging/log4j/log4j-api/2.14.1/log4j-api-2.14.1.jar:/Users/prashanthsams/.m2/repository/org/slf4j/jul-to-slf4j/1.7.30/jul-to-slf4j-1.7.30.jar:/Users/prashanthsams/.m2/repository/jakarta/annotation/jakarta.annotation-api/1.3.5/jakarta.annotation-api-1.3.5.jar:/Users/prashanthsams/.m2/repository/org/springframework/spring-core/5.3.8/spring-core-5.3.8.jar:/Users/prashanthsams/.m2/repository/org/springframework/spring-jcl/5.3.8/spring-jcl-5.3.8.jar:/Users/prashanthsams/.m2/repository/org/yaml/snakeyaml/1.28/snakeyaml-1.28.jar:/Users/prashanthsams/.m2/repository/org/springframework/boot/spring-boot-starter-test/2.6.0-SNAPSHOT/spring-boot-starter-test-2.6.0-SNAPSHOT.jar:/Users/prashanthsams/.m2/repository/org/springframework/boot/spring-boot-test/2.6.0-SNAPSHOT/spring-boot-test-2.6.0-SNAPSHOT.jar:/Users/prashanthsams/.m2/repository/org/springframework/boot/spring-boot-test-autoconfigure/2.6.0-SNAPSHOT/spring-boot-test-autoconfigure-2.6.0-SNAPSHOT.jar:/Users/prashanthsams/.m2/repository/com/jayway/jsonpath/json-path/2.5.0/json-path-2.5.0.jar:/Users/prashanthsams/.m2/repository/net/minidev/json-smart/2.4.7/json-smart-2.4.7.jar:/Users/prashanthsams/.m2/repository/net/minidev/accessors-smart/2.4.7/accessors-smart-2.4.7.jar:/Users/prashanthsams/.m2/repository/org/ow2/asm/asm/9.1/asm-9.1.jar:/Users/prashanthsams/.m2/repository/org/slf4j/slf4j-api/1.7.30/slf4j-api-1.7.30.jar:/Users/prashanthsams/.m2/repository/jakarta/xml/bind/jakarta.xml.bind-api/2.3.3/jakarta.xml.bind-api-2.3.3.jar:/Users/prashanthsams/.m2/repository/jakarta/activation/jakarta.activation-api/1.2.2/jakarta.activation-api-1.2.2.jar:/Users/prashanthsams/.m2/repository/org/assertj/assertj-core/3.19.0/assertj-core-3.19.0.jar:/Users/prashanthsams/.m2/repository/org/hamcrest/hamcrest/2.2/hamcrest-2.2.jar:/Users/prashanthsams/.m2/repository/org/junit/jupiter/junit-jupiter/5.7.2/junit-jupiter-5.7.2.jar:/Users/prashanthsams/.m2/repository/org/junit/jupiter/junit-jupiter-api/5.7.2/junit-jupiter-api-5.7.2.jar:/Users/prashanthsams/.m2/repository/org/apiguardian/apiguardian-api/1.1.0/apiguardian-api-1.1.0.jar:/Users/prashanthsams/.m2/repository/org/opentest4j/opentest4j/1.2.0/opentest4j-1.2.0.jar:/Users/prashanthsams/.m2/repository/org/junit/platform/junit-platform-commons/1.7.2/junit-platform-commons-1.7.2.jar:/Users/prashanthsams/.m2/repository/org/junit/jupiter/junit-jupiter-params/5.7.2/junit-jupiter-params-5.7.2.jar:/Users/prashanthsams/.m2/repository/org/junit/jupiter/junit-jupiter-engine/5.7.2/junit-jupiter-engine-5.7.2.jar:/Users/prashanthsams/.m2/repository/org/junit/platform/junit-platform-engine/1.7.2/junit-platform-engine-1.7.2.jar:/Users/prashanthsams/.m2/repository/org/mockito/mockito-core/3.9.0/mockito-core-3.9.0.jar:/Users/prashanthsams/.m2/repository/net/bytebuddy/byte-buddy/1.10.22/byte-buddy-1.10.22.jar:/Users/prashanthsams/.m2/repository/net/bytebuddy/byte-buddy-agent/1.10.22/byte-buddy-agent-1.10.22.jar:/Users/prashanthsams/.m2/repository/org/objenesis/objenesis/3.2/objenesis-3.2.jar:/Users/prashanthsams/.m2/repository/org/mockito/mockito-junit-jupiter/3.9.0/mockito-junit-jupiter-3.9.0.jar:/Users/prashanthsams/.m2/repository/org/skyscreamer/jsonassert/1.5.0/jsonassert-1.5.0.jar:/Users/prashanthsams/.m2/repository/com/vaadin/external/google/android-json/0.0.20131108.vaadin1/android-json-0.0.20131108.vaadin1.jar:/Users/prashanthsams/.m2/repository/org/springframework/spring-test/5.3.8/spring-test-5.3.8.jar:/Users/prashanthsams/.m2/repository/org/xmlunit/xmlunit-core/2.8.2/xmlunit-core-2.8.2.jar:/Users/prashanthsams/.m2/repository/org/springframework/cloud/spring-cloud-starter-contract-stub-runner/3.0.4-SNAPSHOT/spring-cloud-starter-contract-stub-runner-3.0.4-SNAPSHOT.jar:/Users/prashanthsams/.m2/repository/org/springframework/cloud/spring-cloud-contract-stub-runner/3.0.4-SNAPSHOT/spring-cloud-contract-stub-runner-3.0.4-SNAPSHOT.jar:/Users/prashanthsams/.m2/repository/org/springframework/cloud/spring-cloud-contract-verifier/3.0.4-SNAPSHOT/spring-cloud-contract-verifier-3.0.4-SNAPSHOT.jar:/Users/prashanthsams/.m2/repository/com/fasterxml/jackson/core/jackson-databind/2.12.3/jackson-databind-2.12.3.jar:/Users/prashanthsams/.m2/repository/com/fasterxml/jackson/core/jackson-annotations/2.12.3/jackson-annotations-2.12.3.jar:/Users/prashanthsams/.m2/repository/com/fasterxml/jackson/core/jackson-core/2.12.3/jackson-core-2.12.3.jar:/Users/prashanthsams/.m2/repository/org/apache/commons/commons-text/1.9/commons-text-1.9.jar:/Users/prashanthsams/.m2/repository/org/apache/commons/commons-lang3/3.12.0/commons-lang3-3.12.0.jar:/Users/prashanthsams/.m2/repository/javax/inject/javax.inject/1/javax.inject-1.jar:/Users/prashanthsams/.m2/repository/com/toomuchcoding/jsonassert/jsonassert/0.6.1/jsonassert-0.6.1.jar:/Users/prashanthsams/.m2/repository/com/rackspace/eclipse/webtools/sourceediting/org.eclipse.wst.xml.xpath2.processor/2.1.100/org.eclipse.wst.xml.xpath2.processor-2.1.100.jar:/Users/prashanthsams/.m2/repository/edu/princeton/cup/java-cup/10k/java-cup-10k.jar:/Users/prashanthsams/.m2/repository/com/ibm/icu/icu4j/4.6/icu4j-4.6.jar:/Users/prashanthsams/.m2/repository/org/codehaus/groovy/groovy/3.0.8/groovy-3.0.8.jar:/Users/prashanthsams/.m2/repository/org/codehaus/groovy/groovy-nio/3.0.8/groovy-nio-3.0.8.jar:/Users/prashanthsams/.m2/repository/org/codehaus/groovy/groovy-json/3.0.8/groovy-json-3.0.8.jar:/Users/prashanthsams/.m2/repository/org/codehaus/groovy/groovy-xml/3.0.8/groovy-xml-3.0.8.jar:/Users/prashanthsams/.m2/repository/com/github/jknack/handlebars/4.2.0/handlebars-4.2.0.jar:/Users/prashanthsams/.m2/repository/commons-beanutils/commons-beanutils/1.9.4/commons-beanutils-1.9.4.jar:/Users/prashanthsams/.m2/repository/commons-logging/commons-logging/1.2/commons-logging-1.2.jar:/Users/prashanthsams/.m2/repository/commons-collections/commons-collections/3.2.2/commons-collections-3.2.2.jar:/Users/prashanthsams/.m2/repository/com/fasterxml/jackson/dataformat/jackson-dataformat-yaml/2.12.3/jackson-dataformat-yaml-2.12.3.jar:/Users/prashanthsams/.m2/repository/net/javacrumbs/json-unit/json-unit-assertj/2.19.0/json-unit-assertj-2.19.0.jar:/Users/prashanthsams/.m2/repository/net/javacrumbs/json-unit/json-unit-core/2.19.0/json-unit-core-2.19.0.jar:/Users/prashanthsams/.m2/repository/org/hamcrest/hamcrest-core/2.2/hamcrest-core-2.2.jar:/Users/prashanthsams/.m2/repository/net/javacrumbs/json-unit/json-unit-json-path/2.19.0/json-unit-json-path-2.19.0.jar:/Users/prashanthsams/.m2/repository/org/springframework/cloud/spring-cloud-function-compiler/3.0.6.RELEASE/spring-cloud-function-compiler-3.0.6.RELEASE.jar:/Users/prashanthsams/.m2/repository/io/projectreactor/reactor-core/3.4.7/reactor-core-3.4.7.jar:/Users/prashanthsams/.m2/repository/org/reactivestreams/reactive-streams/1.0.3/reactive-streams-1.0.3.jar:/Users/prashanthsams/.m2/repository/org/eclipse/jdt/core/compiler/ecj/4.4.2/ecj-4.4.2.jar:/Users/prashanthsams/.m2/repository/javax/annotation/javax.annotation-api/1.3.2/javax.annotation-api-1.3.2.jar:/Users/prashanthsams/.m2/repository/org/springframework/cloud/spring-cloud-contract-shade/3.0.4-SNAPSHOT/spring-cloud-contract-shade-3.0.4-SNAPSHOT.jar:/Users/prashanthsams/.m2/repository/org/springframework/cloud/spring-cloud-contract-converters/3.0.4-SNAPSHOT/spring-cloud-contract-converters-3.0.4-SNAPSHOT.jar:/Users/prashanthsams/.m2/repository/org/springframework/cloud/spring-cloud-contract-spec/3.0.4-SNAPSHOT/spring-cloud-contract-spec-3.0.4-SNAPSHOT.jar:/Users/prashanthsams/.m2/repository/org/springframework/cloud/spring-cloud-contract-spec-java/3.0.4-SNAPSHOT/spring-cloud-contract-spec-java-3.0.4-SNAPSHOT.jar:/Users/prashanthsams/.m2/repository/dk/brics/automaton/automaton/1.11-8/automaton-1.11-8.jar:/Users/prashanthsams/.m2/repository/org/springframework/cloud/spring-cloud-contract-spec-groovy/3.0.4-SNAPSHOT/spring-cloud-contract-spec-groovy-3.0.4-SNAPSHOT.jar:/Users/prashanthsams/.m2/repository/org/eclipse/jgit/org.eclipse.jgit/5.1.3.201810200350-r/org.eclipse.jgit-5.1.3.201810200350-r.jar:/Users/prashanthsams/.m2/repository/com/jcraft/jsch/0.1.55/jsch-0.1.55.jar:/Users/prashanthsams/.m2/repository/com/jcraft/jzlib/1.1.1/jzlib-1.1.1.jar:/Users/prashanthsams/.m2/repository/com/googlecode/javaewah/JavaEWAH/1.1.6/JavaEWAH-1.1.6.jar:/Users/prashanthsams/.m2/repository/com/jcraft/jsch.agentproxy.sshagent/0.0.9/jsch.agentproxy.sshagent-0.0.9.jar:/Users/prashanthsams/.m2/repository/com/jcraft/jsch.agentproxy.core/0.0.9/jsch.agentproxy.core-0.0.9.jar:/Users/prashanthsams/.m2/repository/com/jcraft/jsch.agentproxy.jsch/0.0.9/jsch.agentproxy.jsch-0.0.9.jar:/Users/prashanthsams/.m2/repository/com/jcraft/jsch.agentproxy.usocket-jna/0.0.9/jsch.agentproxy.usocket-jna-0.0.9.jar:/Users/prashanthsams/.m2/repository/net/java/dev/jna/jna/4.1.0/jna-4.1.0.jar:/Users/prashanthsams/.m2/repository/net/java/dev/jna/jna-platform/4.1.0/jna-platform-4.1.0.jar:/Users/prashanthsams/.m2/repository/org/springframework/cloud/spring-cloud-contract-wiremock/3.0.4-SNAPSHOT/spring-cloud-contract-wiremock-3.0.4-SNAPSHOT.jar:/Users/prashanthsams/.m2/repository/org/springframework/spring-web/5.3.8/spring-web-5.3.8.jar:/Users/prashanthsams/.m2/repository/com/github/tomakehurst/wiremock-jre8-standalone/2.28.1/wiremock-jre8-standalone-2.28.1.jar:/Users/prashanthsams/.m2/repository/org/apache/httpcomponents/httpclient/4.5.13/httpclient-4.5.13.jar:/Users/prashanthsams/.m2/repository/org/apache/httpcomponents/httpcore/4.4.14/httpcore-4.4.14.jar:/Users/prashanthsams/.m2/repository/commons-codec/commons-codec/1.15/commons-codec-1.15.jar:/Users/prashanthsams/.m2/repository/org/apache/maven/resolver/maven-resolver-api/1.4.1/maven-resolver-api-1.4.1.jar:"/>
    <property name="sun.cpu.endian" value="little"/>
    <property name="user.home" value="/Users/prashanthsams"/>
    <property name="user.language" value="en"/>
    <property name="java.specification.vendor" value="Oracle Corporation"/>
    <property name="java.version.date" value="2021-04-20"/>
    <property name="java.home" value="/Library/Java/JavaVirtualMachines/jdk-16.0.1.jdk/Contents/Home"/>
    <property name="file.separator" value="/"/>
    <property name="basedir" value="/Users/prashanthsams/Documents/wiremock-springboot-boilerplate"/>
    <property name="java.vm.compressedOopsMode" value="Zero based"/>
    <property name="line.separator" value="&#10;"/>
    <property name="java.specification.name" value="Java Platform API Specification"/>
    <property name="java.vm.specification.vendor" value="Oracle Corporation"/>
    <property name="surefire.real.class.path" value="/Users/prashanthsams/Documents/wiremock-springboot-boilerplate/target/surefire/surefirebooter13632933155343987950.jar"/>
    <property name="sun.management.compiler" value="HotSpot 64-Bit Tiered Compilers"/>
    <property name="ftp.nonProxyHosts" value="local|*.local|169.254/16|*.169.254/16"/>
    <property name="java.runtime.version" value="16.0.1+9-24"/>
    <property name="user.name" value="prashanthsams"/>
    <property name="path.separator" value=":"/>
    <property name="os.version" value="10.15.7"/>
    <property name="java.runtime.name" value="Java(TM) SE Runtime Environment"/>
    <property name="file.encoding" value="UTF-8"/>
    <property name="java.vm.name" value="Java HotSpot(TM) 64-Bit Server VM"/>
    <property name="localRepository" value="/Users/prashanthsams/.m2/repository"/>
    <property name="java.vendor.url.bug" value="https://bugreport.java.com/bugreport/"/>
    <property name="java.io.tmpdir" value="/var/folders/7f/ys92cbms4898g7t6y68y4zpw0000gn/T/"/>
    <property name="java.version" value="16.0.1"/>
    <property name="user.dir" value="/Users/prashanthsams/Documents/wiremock-springboot-boilerplate"/>
    <property name="os.arch" value="x86_64"/>
    <property name="java.vm.specification.name" value="Java Virtual Machine Specification"/>
    <property name="java.library.path" value="/Users/prashanthsams/Library/Java/Extensions:/Library/Java/Extensions:/Network/Library/Java/Extensions:/System/Library/Java/Extensions:/usr/lib/java:."/>
    <property name="java.vm.info" value="mixed mode, sharing"/>
    <property name="java.vendor" value="Oracle Corporation"/>
    <property name="java.vm.version" value="16.0.1+9-24"/>
    <property name="sun.io.unicode.encoding" value="UnicodeBig"/>
    <property name="socksNonProxyHosts" value="local|*.local|169.254/16|*.169.254/16"/>
    <property name="java.class.version" value="60.0"/>
  </properties>
  <testcase name="contextLoads" classname="com.wmock.demo.WiremockApiTests" time="0.22"/>
</testsuite>